2026-03-13 20:53:38 [[31merror[39m]: AppError: Invalid email or password
    at <anonymous> (C:\Users\LENOVO\Desktop\Parivesh 3.O\backend\src\routes\auth.ts:121:21)
2026-03-13 20:53:38 [[31merror[39m]: AppError: Refresh token not found
    at <anonymous> (C:\Users\LENOVO\Desktop\Parivesh 3.O\backend\src\routes\auth.ts:161:21)
    at <anonymous> (C:\Users\LENOVO\Desktop\Parivesh 3.O\backend\src\middleware\errorHandler.ts:18:21)
    at Layer.handle [as handle_request] (C:\Users\LENOVO\Desktop\Parivesh 3.O\node_modules\express\lib\router\layer.js:95:5)
    at next (C:\Users\LENOVO\Desktop\Parivesh 3.O\node_modules\express\lib\router\route.js:149:13)
    at Route.dispatch (C:\Users\LENOVO\Desktop\Parivesh 3.O\node_modules\express\lib\router\route.js:119:3)
    at Layer.handle [as handle_request] (C:\Users\LENOVO\Desktop\Parivesh 3.O\node_modules\express\lib\router\layer.js:95:5)
    at C:\Users\LENOVO\Desktop\Parivesh 3.O\node_modules\express\lib\router\index.js:284:15
    at Function.process_params (C:\Users\LENOVO\Desktop\Parivesh 3.O\node_modules\express\lib\router\index.js:346:12)
    at next (C:\Users\LENOVO\Desktop\Parivesh 3.O\node_modules\express\lib\router\index.js:280:10)
    at Function.handle (C:\Users\LENOVO\Desktop\Parivesh 3.O\node_modules\express\lib\router\index.js:175:3)
2026-03-13 20:56:46 [[31merror[39m]: AppError: At least one document must be uploaded before submission
    at <anonymous> (C:\Users\LENOVO\Desktop\Parivesh 3.O\backend\src\routes\applications.ts:187:11)
2026-03-13 21:04:44 [[31merror[39m]: AppError: At least one document must be uploaded before submission
    at <anonymous> (C:\Users\LENOVO\Desktop\Parivesh 3.O\backend\src\routes\applications.ts:187:11)
2026-03-13 21:08:51 [[31merror[39m]: AppError: At least one document must be uploaded before submission
    at <anonymous> (C:\Users\LENOVO\Desktop\Parivesh 3.O\backend\src\routes\applications.ts:187:11)
2026-03-13 21:41:03 [[31merror[39m]: AppError: At least one document must be uploaded before submission
    at <anonymous> (C:\Users\LENOVO\Desktop\Parivesh 3.O\backend\src\routes\applications.ts:187:11)
2026-03-13 21:41:57 [[31merror[39m]: AppError: At least one document must be uploaded before submission
    at <anonymous> (C:\Users\LENOVO\Desktop\Parivesh 3.O\backend\src\routes\applications.ts:187:11)
2026-03-13 21:45:48 [[31merror[39m]: AppError: Invalid email or password
    at <anonymous> (C:\Users\LENOVO\Desktop\Parivesh 3.O\backend\src\routes\auth.ts:121:21)
2026-03-13 21:45:48 [[31merror[39m]: AppError: Refresh token not found
    at <anonymous> (C:\Users\LENOVO\Desktop\Parivesh 3.O\backend\src\routes\auth.ts:161:21)
    at <anonymous> (C:\Users\LENOVO\Desktop\Parivesh 3.O\backend\src\middleware\errorHandler.ts:18:21)
    at Layer.handle [as handle_request] (C:\Users\LENOVO\Desktop\Parivesh 3.O\node_modules\express\lib\router\layer.js:95:5)
    at next (C:\Users\LENOVO\Desktop\Parivesh 3.O\node_modules\express\lib\router\route.js:149:13)
    at Route.dispatch (C:\Users\LENOVO\Desktop\Parivesh 3.O\node_modules\express\lib\router\route.js:119:3)
    at Layer.handle [as handle_request] (C:\Users\LENOVO\Desktop\Parivesh 3.O\node_modules\express\lib\router\layer.js:95:5)
    at C:\Users\LENOVO\Desktop\Parivesh 3.O\node_modules\express\lib\router\index.js:284:15
    at Function.process_params (C:\Users\LENOVO\Desktop\Parivesh 3.O\node_modules\express\lib\router\index.js:346:12)
    at next (C:\Users\LENOVO\Desktop\Parivesh 3.O\node_modules\express\lib\router\index.js:280:10)
    at Function.handle (C:\Users\LENOVO\Desktop\Parivesh 3.O\node_modules\express\lib\router\index.js:175:3)
2026-03-13 21:46:51 [[31merror[39m]: AppError: Invalid email or password
    at <anonymous> (C:\Users\LENOVO\Desktop\Parivesh 3.O\backend\src\routes\auth.ts:121:21)
2026-03-13 21:50:53 [[31merror[39m]: AppError: At least one document must be uploaded before submission
    at <anonymous> (C:\Users\LENOVO\Desktop\Parivesh 3.O\backend\src\routes\applications.ts:187:11)
2026-03-13 21:51:13 [[31merror[39m]: AppError: At least one document must be uploaded before submission
    at <anonymous> (C:\Users\LENOVO\Desktop\Parivesh 3.O\backend\src\routes\applications.ts:187:11)
2026-03-14 00:22:01 [[31merror[39m]: AppError: Invalid email or password
    at <anonymous> (C:\Users\LENOVO\Desktop\Parivesh 3.O\backend\src\routes\auth.ts:118:38)
2026-03-14 00:22:01 [[31merror[39m]: AppError: Refresh token not found
    at <anonymous> (C:\Users\LENOVO\Desktop\Parivesh 3.O\backend\src\routes\auth.ts:161:21)
    at <anonymous> (C:\Users\LENOVO\Desktop\Parivesh 3.O\backend\src\middleware\errorHandler.ts:18:21)
    at Layer.handle [as handle_request] (C:\Users\LENOVO\Desktop\Parivesh 3.O\node_modules\express\lib\router\layer.js:95:5)
    at next (C:\Users\LENOVO\Desktop\Parivesh 3.O\node_modules\express\lib\router\route.js:149:13)
    at Route.dispatch (C:\Users\LENOVO\Desktop\Parivesh 3.O\node_modules\express\lib\router\route.js:119:3)
    at Layer.handle [as handle_request] (C:\Users\LENOVO\Desktop\Parivesh 3.O\node_modules\express\lib\router\layer.js:95:5)
    at C:\Users\LENOVO\Desktop\Parivesh 3.O\node_modules\express\lib\router\index.js:284:15
    at Function.process_params (C:\Users\LENOVO\Desktop\Parivesh 3.O\node_modules\express\lib\router\index.js:346:12)
    at next (C:\Users\LENOVO\Desktop\Parivesh 3.O\node_modules\express\lib\router\index.js:280:10)
    at Function.handle (C:\Users\LENOVO\Desktop\Parivesh 3.O\node_modules\express\lib\router\index.js:175:3)
2026-03-14 00:23:46 [[31merror[39m]: ZodError: [
  {
    "code": "invalid_type",
    "expected": "number",
    "received": "string",
    "path": [
      "areaHa"
    ],
    "message": "Expected number, received string"
  },
  {
    "code": "invalid_type",
    "expected": "number",
    "received": "string",
    "path": [
      "investmentCr"
    ],
    "message": "Expected number, received string"
  },
  {
    "code": "invalid_type",
    "expected": "number",
    "received": "string",
    "path": [
      "employmentCount"
    ],
    "message": "Expected number, received string"
  }
]
    at get error (C:\Users\LENOVO\Desktop\Parivesh 3.O\node_modules\zod\v3\types.cjs:45:31)
    at ZodObject.parse (C:\Users\LENOVO\Desktop\Parivesh 3.O\node_modules\zod\v3\types.cjs:120:22)
    at <anonymous> (C:\Users\LENOVO\Desktop\Parivesh 3.O\backend\src\routes\applications.ts:102:40)
    at <anonymous> (C:\Users\LENOVO\Desktop\Parivesh 3.O\backend\src\middleware\errorHandler.ts:18:21)
    at Layer.handle [as handle_request] (C:\Users\LENOVO\Desktop\Parivesh 3.O\node_modules\express\lib\router\layer.js:95:5)
    at next (C:\Users\LENOVO\Desktop\Parivesh 3.O\node_modules\express\lib\router\route.js:149:13)
    at <anonymous> (C:\Users\LENOVO\Desktop\Parivesh 3.O\backend\src\middleware\auth.ts:65:5)
    at Layer.handle [as handle_request] (C:\Users\LENOVO\Desktop\Parivesh 3.O\node_modules\express\lib\router\layer.js:95:5)
    at next (C:\Users\LENOVO\Desktop\Parivesh 3.O\node_modules\express\lib\router\route.js:149:13)
    at authenticate (C:\Users\LENOVO\Desktop\Parivesh 3.O\backend\src\middleware\auth.ts:37:5)
2026-03-14 00:38:47 [[31merror[39m]: ZodError: [
  {
    "code": "invalid_type",
    "expected": "number",
    "received": "string",
    "path": [
      "areaHa"
    ],
    "message": "Expected number, received string"
  },
  {
    "code": "invalid_type",
    "expected": "number",
    "received": "string",
    "path": [
      "investmentCr"
    ],
    "message": "Expected number, received string"
  },
  {
    "code": "invalid_type",
    "expected": "number",
    "received": "string",
    "path": [
      "employmentCount"
    ],
    "message": "Expected number, received string"
  }
]
    at get error (C:\Users\LENOVO\Desktop\Parivesh 3.O\node_modules\zod\v3\types.cjs:45:31)
    at ZodObject.parse (C:\Users\LENOVO\Desktop\Parivesh 3.O\node_modules\zod\v3\types.cjs:120:22)
    at <anonymous> (C:\Users\LENOVO\Desktop\Parivesh 3.O\backend\src\routes\applications.ts:102:40)
    at <anonymous> (C:\Users\LENOVO\Desktop\Parivesh 3.O\backend\src\middleware\errorHandler.ts:18:21)
    at Layer.handle [as handle_request] (C:\Users\LENOVO\Desktop\Parivesh 3.O\node_modules\express\lib\router\layer.js:95:5)
    at next (C:\Users\LENOVO\Desktop\Parivesh 3.O\node_modules\express\lib\router\route.js:149:13)
    at <anonymous> (C:\Users\LENOVO\Desktop\Parivesh 3.O\backend\src\middleware\auth.ts:65:5)
    at Layer.handle [as handle_request] (C:\Users\LENOVO\Desktop\Parivesh 3.O\node_modules\express\lib\router\layer.js:95:5)
    at next (C:\Users\LENOVO\Desktop\Parivesh 3.O\node_modules\express\lib\router\route.js:149:13)
    at authenticate (C:\Users\LENOVO\Desktop\Parivesh 3.O\backend\src\middleware\auth.ts:37:5)
2026-03-14 00:47:46 [[31merror[39m]: AppError: Invalid email or password
    at <anonymous> (C:\Users\LENOVO\Desktop\Parivesh 3.O\backend\src\routes\auth.ts:121:21)
2026-03-14 00:47:46 [[31merror[39m]: AppError: Refresh token not found
    at <anonymous> (C:\Users\LENOVO\Desktop\Parivesh 3.O\backend\src\routes\auth.ts:161:21)
    at <anonymous> (C:\Users\LENOVO\Desktop\Parivesh 3.O\backend\src\middleware\errorHandler.ts:18:21)
    at Layer.handle [as handle_request] (C:\Users\LENOVO\Desktop\Parivesh 3.O\node_modules\express\lib\router\layer.js:95:5)
    at next (C:\Users\LENOVO\Desktop\Parivesh 3.O\node_modules\express\lib\router\route.js:149:13)
    at Route.dispatch (C:\Users\LENOVO\Desktop\Parivesh 3.O\node_modules\express\lib\router\route.js:119:3)
    at Layer.handle [as handle_request] (C:\Users\LENOVO\Desktop\Parivesh 3.O\node_modules\express\lib\router\layer.js:95:5)
    at C:\Users\LENOVO\Desktop\Parivesh 3.O\node_modules\express\lib\router\index.js:284:15
    at Function.process_params (C:\Users\LENOVO\Desktop\Parivesh 3.O\node_modules\express\lib\router\index.js:346:12)
    at next (C:\Users\LENOVO\Desktop\Parivesh 3.O\node_modules\express\lib\router\index.js:280:10)
    at Function.handle (C:\Users\LENOVO\Desktop\Parivesh 3.O\node_modules\express\lib\router\index.js:175:3)
2026-03-14 00:48:04 [[31merror[39m]: AppError: Invalid email or password
    at <anonymous> (C:\Users\LENOVO\Desktop\Parivesh 3.O\backend\src\routes\auth.ts:121:21)
2026-03-14 00:48:04 [[31merror[39m]: AppError: Refresh token not found
    at <anonymous> (C:\Users\LENOVO\Desktop\Parivesh 3.O\backend\src\routes\auth.ts:161:21)
    at <anonymous> (C:\Users\LENOVO\Desktop\Parivesh 3.O\backend\src\middleware\errorHandler.ts:18:21)
    at Layer.handle [as handle_request] (C:\Users\LENOVO\Desktop\Parivesh 3.O\node_modules\express\lib\router\layer.js:95:5)
    at next (C:\Users\LENOVO\Desktop\Parivesh 3.O\node_modules\express\lib\router\route.js:149:13)
    at Route.dispatch (C:\Users\LENOVO\Desktop\Parivesh 3.O\node_modules\express\lib\router\route.js:119:3)
    at Layer.handle [as handle_request] (C:\Users\LENOVO\Desktop\Parivesh 3.O\node_modules\express\lib\router\layer.js:95:5)
    at C:\Users\LENOVO\Desktop\Parivesh 3.O\node_modules\express\lib\router\index.js:284:15
    at Function.process_params (C:\Users\LENOVO\Desktop\Parivesh 3.O\node_modules\express\lib\router\index.js:346:12)
    at next (C:\Users\LENOVO\Desktop\Parivesh 3.O\node_modules\express\lib\router\index.js:280:10)
    at Function.handle (C:\Users\LENOVO\Desktop\Parivesh 3.O\node_modules\express\lib\router\index.js:175:3)
2026-03-14 01:21:55 [[31merror[39m]: ZodError: [
  {
    "code": "invalid_type",
    "expected": "number",
    "received": "string",
    "path": [
      "areaHa"
    ],
    "message": "Expected number, received string"
  },
  {
    "code": "invalid_type",
    "expected": "number",
    "received": "string",
    "path": [
      "investmentCr"
    ],
    "message": "Expected number, received string"
  },
  {
    "code": "invalid_type",
    "expected": "number",
    "received": "string",
    "path": [
      "employmentCount"
    ],
    "message": "Expected number, received string"
  }
]
    at get error (C:\Users\LENOVO\Desktop\Parivesh 3.O\node_modules\zod\v3\types.cjs:45:31)
    at ZodObject.parse (C:\Users\LENOVO\Desktop\Parivesh 3.O\node_modules\zod\v3\types.cjs:120:22)
    at <anonymous> (C:\Users\LENOVO\Desktop\Parivesh 3.O\backend\src\routes\applications.ts:102:40)
    at <anonymous> (C:\Users\LENOVO\Desktop\Parivesh 3.O\backend\src\middleware\errorHandler.ts:18:21)
    at Layer.handle [as handle_request] (C:\Users\LENOVO\Desktop\Parivesh 3.O\node_modules\express\lib\router\layer.js:95:5)
    at next (C:\Users\LENOVO\Desktop\Parivesh 3.O\node_modules\express\lib\router\route.js:149:13)
    at <anonymous> (C:\Users\LENOVO\Desktop\Parivesh 3.O\backend\src\middleware\auth.ts:65:5)
    at Layer.handle [as handle_request] (C:\Users\LENOVO\Desktop\Parivesh 3.O\node_modules\express\lib\router\layer.js:95:5)
    at next (C:\Users\LENOVO\Desktop\Parivesh 3.O\node_modules\express\lib\router\route.js:149:13)
    at authenticate (C:\Users\LENOVO\Desktop\Parivesh 3.O\backend\src\middleware\auth.ts:37:5)
2026-03-14 01:23:09 [[31merror[39m]: ZodError: [
  {
    "code": "invalid_type",
    "expected": "number",
    "received": "string",
    "path": [
      "areaHa"
    ],
    "message": "Expected number, received string"
  },
  {
    "code": "invalid_type",
    "expected": "number",
    "received": "string",
    "path": [
      "investmentCr"
    ],
    "message": "Expected number, received string"
  },
  {
    "code": "invalid_type",
    "expected": "number",
    "received": "string",
    "path": [
      "employmentCount"
    ],
    "message": "Expected number, received string"
  }
]
    at get error (C:\Users\LENOVO\Desktop\Parivesh 3.O\node_modules\zod\v3\types.cjs:45:31)
    at ZodObject.parse (C:\Users\LENOVO\Desktop\Parivesh 3.O\node_modules\zod\v3\types.cjs:120:22)
    at <anonymous> (C:\Users\LENOVO\Desktop\Parivesh 3.O\backend\src\routes\applications.ts:102:40)
    at <anonymous> (C:\Users\LENOVO\Desktop\Parivesh 3.O\backend\src\middleware\errorHandler.ts:18:21)
    at Layer.handle [as handle_request] (C:\Users\LENOVO\Desktop\Parivesh 3.O\node_modules\express\lib\router\layer.js:95:5)
    at next (C:\Users\LENOVO\Desktop\Parivesh 3.O\node_modules\express\lib\router\route.js:149:13)
    at <anonymous> (C:\Users\LENOVO\Desktop\Parivesh 3.O\backend\src\middleware\auth.ts:65:5)
    at Layer.handle [as handle_request] (C:\Users\LENOVO\Desktop\Parivesh 3.O\node_modules\express\lib\router\layer.js:95:5)
    at next (C:\Users\LENOVO\Desktop\Parivesh 3.O\node_modules\express\lib\router\route.js:149:13)
    at authenticate (C:\Users\LENOVO\Desktop\Parivesh 3.O\backend\src\middleware\auth.ts:37:5)
2026-03-14 01:24:23 [[31merror[39m]: AppError: At least one document must be uploaded before submission
    at <anonymous> (C:\Users\LENOVO\Desktop\Parivesh 3.O\backend\src\routes\applications.ts:187:11)
2026-03-14 01:25:03 [[31merror[39m]: AppError: Invalid email or password
    at <anonymous> (C:\Users\LENOVO\Desktop\Parivesh 3.O\backend\src\routes\auth.ts:118:38)
2026-03-14 01:25:03 [[31merror[39m]: AppError: Refresh token not found
    at <anonymous> (C:\Users\LENOVO\Desktop\Parivesh 3.O\backend\src\routes\auth.ts:161:21)
    at <anonymous> (C:\Users\LENOVO\Desktop\Parivesh 3.O\backend\src\middleware\errorHandler.ts:18:21)
    at Layer.handle [as handle_request] (C:\Users\LENOVO\Desktop\Parivesh 3.O\node_modules\express\lib\router\layer.js:95:5)
    at next (C:\Users\LENOVO\Desktop\Parivesh 3.O\node_modules\express\lib\router\route.js:149:13)
    at Route.dispatch (C:\Users\LENOVO\Desktop\Parivesh 3.O\node_modules\express\lib\router\route.js:119:3)
    at Layer.handle [as handle_request] (C:\Users\LENOVO\Desktop\Parivesh 3.O\node_modules\express\lib\router\layer.js:95:5)
    at C:\Users\LENOVO\Desktop\Parivesh 3.O\node_modules\express\lib\router\index.js:284:15
    at Function.process_params (C:\Users\LENOVO\Desktop\Parivesh 3.O\node_modules\express\lib\router\index.js:346:12)
    at next (C:\Users\LENOVO\Desktop\Parivesh 3.O\node_modules\express\lib\router\index.js:280:10)
    at Function.handle (C:\Users\LENOVO\Desktop\Parivesh 3.O\node_modules\express\lib\router\index.js:175:3)
2026-03-14 01:45:23 [[31merror[39m]: AppError: At least one document must be uploaded before submission
    at <anonymous> (C:\Users\LENOVO\Desktop\Parivesh 3.O\backend\src\routes\applications.ts:187:11)
2026-03-14 01:46:15 [[31merror[39m]: AppError: Payment record not found
    at <anonymous> (C:\Users\LENOVO\Desktop\Parivesh 3.O\backend\src\routes\payments.ts:91:23)
2026-03-14 01:48:54 [[31merror[39m]: AppError: At least one document must be uploaded before submission
    at <anonymous> (C:\Users\LENOVO\Desktop\Parivesh 3.O\backend\src\routes\applications.ts:187:11)
2026-03-14 01:50:16 [[31merror[39m]: AppError: Payment record not found
    at <anonymous> (C:\Users\LENOVO\Desktop\Parivesh 3.O\backend\src\routes\payments.ts:91:23)
2026-03-14 01:51:02 [[31merror[39m]: AppError: At least one document must be uploaded before submission
    at <anonymous> (C:\Users\LENOVO\Desktop\Parivesh 3.O\backend\src\routes\applications.ts:187:11)
2026-03-14 01:51:04 [[31merror[39m]: AppError: At least one document must be uploaded before submission
    at <anonymous> (C:\Users\LENOVO\Desktop\Parivesh 3.O\backend\src\routes\applications.ts:187:11)
2026-03-14 01:51:04 [[31merror[39m]: AppError: At least one document must be uploaded before submission
    at <anonymous> (C:\Users\LENOVO\Desktop\Parivesh 3.O\backend\src\routes\applications.ts:187:11)
2026-03-14 01:51:05 [[31merror[39m]: AppError: At least one document must be uploaded before submission
    at <anonymous> (C:\Users\LENOVO\Desktop\Parivesh 3.O\backend\src\routes\applications.ts:187:11)
2026-03-14 01:51:05 [[31merror[39m]: AppError: At least one document must be uploaded before submission
    at <anonymous> (C:\Users\LENOVO\Desktop\Parivesh 3.O\backend\src\routes\applications.ts:187:11)
2026-03-14 01:51:05 [[31merror[39m]: AppError: At least one document must be uploaded before submission
    at <anonymous> (C:\Users\LENOVO\Desktop\Parivesh 3.O\backend\src\routes\applications.ts:187:11)
2026-03-14 01:51:05 [[31merror[39m]: AppError: At least one document must be uploaded before submission
    at <anonymous> (C:\Users\LENOVO\Desktop\Parivesh 3.O\backend\src\routes\applications.ts:187:11)
2026-03-14 01:51:05 [[31merror[39m]: AppError: At least one document must be uploaded before submission
    at <anonymous> (C:\Users\LENOVO\Desktop\Parivesh 3.O\backend\src\routes\applications.ts:187:11)
2026-03-14 01:51:05 [[31merror[39m]: AppError: At least one document must be uploaded before submission
    at <anonymous> (C:\Users\LENOVO\Desktop\Parivesh 3.O\backend\src\routes\applications.ts:187:11)
2026-03-14 01:51:05 [[31merror[39m]: AppError: At least one document must be uploaded before submission
    at <anonymous> (C:\Users\LENOVO\Desktop\Parivesh 3.O\backend\src\routes\applications.ts:187:11)
2026-03-14 01:51:07 [[31merror[39m]: AppError: At least one document must be uploaded before submission
    at <anonymous> (C:\Users\LENOVO\Desktop\Parivesh 3.O\backend\src\routes\applications.ts:187:11)
2026-03-14 01:51:07 [[31merror[39m]: AppError: At least one document must be uploaded before submission
    at <anonymous> (C:\Users\LENOVO\Desktop\Parivesh 3.O\backend\src\routes\applications.ts:187:11)
2026-03-14 01:51:08 [[31merror[39m]: AppError: At least one document must be uploaded before submission
    at <anonymous> (C:\Users\LENOVO\Desktop\Parivesh 3.O\backend\src\routes\applications.ts:187:11)
2026-03-14 01:51:37 [[31merror[39m]: AppError: At least one document must be uploaded before submission
    at <anonymous> (C:\Users\LENOVO\Desktop\Parivesh 3.O\backend\src\routes\applications.ts:187:11)
2026-03-14 02:17:28 [[31merror[39m]: AppError: MoM has not been generated yet
    at <anonymous> (C:\Users\LENOVO\Desktop\Parivesh 3.O\backend\src\routes\gist.ts:83:27)
2026-03-14 02:18:31 [[31merror[39m]: Error: ENOENT: no such file or directory, open 'C:\Users\LENOVO\Desktop\Parivesh 3.O\backend\node_modules\pdfmake\build\vfs_fonts.js'
    at Object.openSync (node:fs:560:18)
    at Object.readFileSync (node:fs:444:35)
    at Function.open (C:\Users\LENOVO\Desktop\Parivesh 3.O\node_modules\@foliojs-fork\pdfkit\lib\font_factory.js:14:16)
    at PDFDocument.font (C:\Users\LENOVO\Desktop\Parivesh 3.O\node_modules\@foliojs-fork\pdfkit\lib\mixins\fonts.js:65:33)
    at FontProvider.provideFont (C:\Users\LENOVO\Desktop\Parivesh 3.O\node_modules\pdfmake\src\fontProvider.js:62:58)
    at C:\Users\LENOVO\Desktop\Parivesh 3.O\node_modules\pdfmake\src\textTools.js:351:27
    at Array.forEach (<anonymous>)
    at measure (C:\Users\LENOVO\Desktop\Parivesh 3.O\node_modules\pdfmake\src\textTools.js:323:13)
    at TextTools.buildInlines (C:\Users\LENOVO\Desktop\Parivesh 3.O\node_modules\pdfmake\src\textTools.js:32:17)
    at DocMeasure.measureLeaf (C:\Users\LENOVO\Desktop\Parivesh 3.O\node_modules\pdfmake\src\docMeasure.js:249:28)
2026-03-14 02:50:08 [[31merror[39m]: AppError: Payment record not found
    at <anonymous> (C:\Users\LENOVO\Desktop\Parivesh 3.O\backend\src\routes\payments.ts:91:23)
2026-03-14 03:25:01 [[31merror[39m]: AppError: Invalid email or password
    at <anonymous> (C:\Users\LENOVO\Desktop\Parivesh 3.O\backend\src\routes\auth.ts:121:21)
2026-03-14 03:25:01 [[31merror[39m]: AppError: Refresh token not found
    at <anonymous> (C:\Users\LENOVO\Desktop\Parivesh 3.O\backend\src\routes\auth.ts:161:21)
    at <anonymous> (C:\Users\LENOVO\Desktop\Parivesh 3.O\backend\src\middleware\errorHandler.ts:18:21)
    at Layer.handle [as handle_request] (C:\Users\LENOVO\Desktop\Parivesh 3.O\node_modules\express\lib\router\layer.js:95:5)
    at next (C:\Users\LENOVO\Desktop\Parivesh 3.O\node_modules\express\lib\router\route.js:149:13)
    at Route.dispatch (C:\Users\LENOVO\Desktop\Parivesh 3.O\node_modules\express\lib\router\route.js:119:3)
    at Layer.handle [as handle_request] (C:\Users\LENOVO\Desktop\Parivesh 3.O\node_modules\express\lib\router\layer.js:95:5)
    at C:\Users\LENOVO\Desktop\Parivesh 3.O\node_modules\express\lib\router\index.js:284:15
    at Function.process_params (C:\Users\LENOVO\Desktop\Parivesh 3.O\node_modules\express\lib\router\index.js:346:12)
    at next (C:\Users\LENOVO\Desktop\Parivesh 3.O\node_modules\express\lib\router\index.js:280:10)
    at Function.handle (C:\Users\LENOVO\Desktop\Parivesh 3.O\node_modules\express\lib\router\index.js:175:3)
2026-03-14 13:43:44 [[31merror[39m]: PrismaClientInitializationError: Can't reach database server at `localhost:5432`

Please make sure your database server is running at `localhost:5432`.
    at t (D:\Projects\Parivesh-3.O\node_modules\@prisma\client\runtime\library.js:112:2488)
    at async start (D:\Projects\Parivesh-3.O\backend\src\server.ts:124:5)
2026-03-14 13:44:21 [[31merror[39m]: PrismaClientInitializationError: Can't reach database server at `localhost:5432`

Please make sure your database server is running at `localhost:5432`.
    at t (D:\Projects\Parivesh-3.O\node_modules\@prisma\client\runtime\library.js:112:2488)
    at async start (D:\Projects\Parivesh-3.O\backend\src\server.ts:124:5)
